<?xml version="1.0" encoding="UTF-8"?>
<!-- Generated by org.testng.reporters.JUnitReportReporter -->
<testsuite hostname="DESKTOP-M5JH064" failures="0" tests="1" name="com.myapp.tests.smoketestsuite.logintests.Day20_US413123_Bad_Credentials" time="3.996" errors="0" timestamp="2023-06-07T21:18:13 EDT" skipped="0">
  <testcase classname="com.myapp.tests.smoketestsuite.logintests.Day20_US413123_Bad_Credentials" name="US413123_Bad_Credentials" time="3.996"/>
</testsuite> <!-- com.myapp.tests.smoketestsuite.logintests.Day20_US413123_Bad_Credentials -->
