<?xml version="1.0" encoding="UTF-8"?>
<!-- Generated by org.testng.reporters.JUnitReportReporter -->
<testsuite hostname="DESKTOP-M5JH064" failures="0" tests="1" name="com.myapp.tests.smoketestsuite.logintests.excelautomation.Day21_ExcelLogin" time="43.030" errors="0" timestamp="2023-06-07T21:18:13 EDT" skipped="0">
  <testcase classname="com.myapp.tests.smoketestsuite.logintests.excelautomation.Day21_ExcelLogin" name="customerLoginTest" time="43.030"/>
</testsuite> <!-- com.myapp.tests.smoketestsuite.logintests.excelautomation.Day21_ExcelLogin -->
